[    0.000000] Initializing cgroup subsys cpuset
[    0.000000] Initializing cgroup subsys cpu
[    0.000000] Initializing cgroup subsys cpuacct
[    0.000000] Linux version 4.4.0-103-generic (buildd@lcy01-amd64-028) (gcc version 5.4.0 20160609 (Ubuntu 5.4.0-6ubuntu1~16.04.5) ) #126-Ubuntu SMP Mon Dec 4 16:23:13 UTC 2017 (Ubuntu 4.4.0-103.126-generic 4.4.98)
[    0.000000] KERNEL supported cpus:
[    0.000000]   Intel GenuineIntel
[    0.000000]   AMD AuthenticAMD
[    0.000000]   NSC Geode by NSC
[    0.000000]   Cyrix CyrixInstead
[    0.000000]   Centaur CentaurHauls
[    0.000000]   Transmeta GenuineTMx86
[    0.000000]   Transmeta TransmetaCPU
[    0.000000]   UMC UMC UMC UMC
[    0.000000] ------------[ cut here ]------------
[    0.000000] WARNING: CPU: 0 PID: 0 at /build/linux-vB0uIi/linux-4.4.0/arch/x86/kernel/fpu/xstate.c:517 fpu__init_system_xstate+0x34a/0x6e8()
[    0.000000] XSAVE consistency problem, dumping leaves
[    0.000000] Modules linked in:
[    0.000000] CPU: 0 PID: 0 Comm: swapper Not tainted 4.4.0-103-generic #126-Ubuntu
[    0.000000]  c1ae9967 8e30c9d9 00200086 c1ae3e98 c13af29f c1ae3ed8 c19cadf4 c1ae3ec8
[    0.000000]  c10704f7 c19caf88 c1ae3ef8 00000000 c19cadf4 00000205 c1bb10fe c1bb10fe
[    0.000000]  00000008 00000340 c1ae3f14 c1ae3ee4 c107056e 00000009 c1ae3ed8 c19caf88
[    0.000000] Call Trace:
[    0.000000]  [<c13af29f>] dump_stack+0x58/0x79
[    0.000000]  [<c10704f7>] warn_slowpath_common+0x87/0xc0
[    0.000000]  [<c1bb10fe>] ? fpu__init_system_xstate+0x34a/0x6e8
[    0.000000]  [<c1bb10fe>] ? fpu__init_system_xstate+0x34a/0x6e8
[    0.000000]  [<c107056e>] warn_slowpath_fmt+0x3e/0x60
[    0.000000]  [<c1bb10fe>] fpu__init_system_xstate+0x34a/0x6e8
[    0.000000]  [<c1bb0ae0>] fpu__init_system+0x11e/0x24d
[    0.000000]  [<c103bed1>] ? early_init_intel+0xc1/0x330
[    0.000000]  [<c1bb1b3a>] early_cpu_init+0x14e/0x156
[    0.000000]  [<c1bb1b3a>] ? early_cpu_init+0x14e/0x156
[    0.000000]  [<c1bad160>] setup_arch+0xfb/0xd19
[    0.000000]  [<c1ba3894>] start_kernel+0xc2/0x407
[    0.000000]  [<c1ba32ff>] i386_start_kernel+0x9a/0x9e
[    0.000000] ---[ end trace 4d5ff9f2f68c4233 ]---
[    0.000000] CPUID[0d, 00]: eax=00000007 ebx=00000440 ecx=00000440 edx=00000000
[    0.000000] CPUID[0d, 01]: eax=00000000 ebx=000003c0 ecx=00000000 edx=00000000
[    0.000000] CPUID[0d, 02]: eax=00000100 ebx=00000240 ecx=00000000 edx=00000000
[    0.000000] CPUID[0d, 03]: eax=00000000 ebx=00000000 ecx=00000000 edx=00000000
[    0.000000] CPUID[0d, 04]: eax=00000000 ebx=00000000 ecx=00000000 edx=00000000
[    0.000000] CPUID[0d, 05]: eax=00000000 ebx=00000000 ecx=00000000 edx=00000000
[    0.000000] CPUID[0d, 06]: eax=00000000 ebx=00000000 ecx=00000000 edx=00000000
[    0.000000] CPUID[0d, 07]: eax=00000000 ebx=00000000 ecx=00000000 edx=00000000
[    0.000000] CPUID[0d, 08]: eax=00000000 ebx=00000000 ecx=00000000 edx=00000000
[    0.000000] CPUID[0d, 09]: eax=00000000 ebx=00000000 ecx=00000000 edx=00000000
[    0.000000] CPUID[0d, 0a]: eax=00000000 ebx=00000000 ecx=00000000 edx=00000000
[    0.000000] CPUID[0d, 0b]: eax=00000000 ebx=00000000 ecx=00000000 edx=00000000
[    0.000000] CPUID[0d, 0c]: eax=00000000 ebx=00000000 ecx=00000000 edx=00000000
[    0.000000] CPUID[0d, 0d]: eax=00000000 ebx=00000000 ecx=00000000 edx=00000000
[    0.000000] CPUID[0d, 0e]: eax=00000000 ebx=00000000 ecx=00000000 edx=00000000
[    0.000000] CPUID[0d, 0f]: eax=00000000 ebx=00000000 ecx=00000000 edx=00000000
[    0.000000] CPUID[0d, 10]: eax=00000000 ebx=00000000 ecx=00000000 edx=00000000
[    0.000000] CPUID[0d, 11]: eax=00000000 ebx=00000000 ecx=00000000 edx=00000000
[    0.000000] x86/fpu: xstate_offset[2]:  576, xstate_sizes[2]:  256
[    0.000000] x86/fpu: Supporting XSAVE feature 0x01: 'x87 floating point registers'
[    0.000000] x86/fpu: Supporting XSAVE feature 0x02: 'SSE registers'
[    0.000000] x86/fpu: Supporting XSAVE feature 0x04: 'AVX registers'
[    0.000000] x86/fpu: Enabled xstate features 0x7, context size is 1088 bytes, using 'standard' format.
[    0.000000] x86/fpu: Using 'lazy' FPU context switches.
[    0.000000] e820: BIOS-provided physical RAM map:
[    0.000000] BIOS-e820: [mem 0x0000000000000000-0x000000000009fbff] usable
[    0.000000] BIOS-e820: [mem 0x000000000009fc00-0x000000000009ffff] reserved
[    0.000000] BIOS-e820: [mem 0x00000000000f0000-0x00000000000fffff] reserved
[    0.000000] BIOS-e820: [mem 0x0000000000100000-0x000000003ffeffff] usable
[    0.000000] BIOS-e820: [mem 0x000000003fff0000-0x000000003fffffff] ACPI data
[    0.000000] BIOS-e820: [mem 0x00000000fec00000-0x00000000fec00fff] reserved
[    0.000000] BIOS-e820: [mem 0x00000000fee00000-0x00000000fee00fff] reserved
[    0.000000] BIOS-e820: [mem 0x00000000fffc0000-0x00000000ffffffff] reserved
[    0.000000] NX (Execute Disable) protection: active
[    0.000000] SMBIOS 2.5 present.
[    0.000000] Hypervisor detected: KVM
[    0.000000] e820: last_pfn = 0x3fff0 max_arch_pfn = 0x1000000
[    0.000000] MTRR: Disabled
[    0.000000] x86/PAT: MTRRs disabled, skipping PAT initialization too.
[    0.000000] CPU MTRRs all blank - virtualized system.
[    0.000000] x86/PAT: Configuration [0-7]: WB  WT  UC- UC  WB  WT  UC- UC  
[    0.000000] found SMP MP-table at [mem 0x0009fff0-0x0009ffff] mapped at [c009fff0]
[    0.000000] Scanning 1 areas for low memory corruption
[    0.000000] RAMDISK: [mem 0x36af4000-0x37571fff]
[    0.000000] ACPI: Early table checksum verification disabled
[    0.000000] ACPI: RSDP 0x00000000000E0000 000024 (v02 VBOX  )
[    0.000000] ACPI: XSDT 0x000000003FFF0030 00003C (v01 VBOX   VBOXXSDT 00000001 ASL  00000061)
[    0.000000] ACPI: FACP 0x000000003FFF00F0 0000F4 (v04 VBOX   VBOXFACP 00000001 ASL  00000061)
[    0.000000] ACPI: DSDT 0x000000003FFF0470 0021C8 (v02 VBOX   VBOXBIOS 00000002 INTL 20100528)
[    0.000000] ACPI: FACS 0x000000003FFF0200 000040
[    0.000000] ACPI: FACS 0x000000003FFF0200 000040
[    0.000000] ACPI: APIC 0x000000003FFF0240 00005C (v02 VBOX   VBOXAPIC 00000001 ASL  00000061)
[    0.000000] ACPI: SSDT 0x000000003FFF02A0 0001CC (v01 VBOX   VBOXCPUT 00000002 INTL 20100528)
[    0.000000] 131MB HIGHMEM available.
[    0.000000] 891MB LOWMEM available.
[    0.000000]   mapped low ram: 0 - 37bfe000
[    0.000000]   low ram: 0 - 37bfe000
[    0.000000] kvm-clock: Using msrs 4b564d01 and 4b564d00
[    0.000000] kvm-clock: cpu 0, msr 0:37bfd001, primary cpu clock
[    0.000000] kvm-clock: using sched offset of 3989754826 cycles
[    0.000000] clocksource: kvm-clock: mask: 0xffffffffffffffff max_cycles: 0x1cd42e4dffb, max_idle_ns: 881590591483 ns
[    0.000000] Zone ranges:
[    0.000000]   DMA      [mem 0x0000000000001000-0x0000000000ffffff]
[    0.000000]   Normal   [mem 0x0000000001000000-0x0000000037bfdfff]
[    0.000000]   HighMem  [mem 0x0000000037bfe000-0x000000003ffeffff]
[    0.000000] Movable zone start for each node
[    0.000000] Early memory node ranges
[    0.000000]   node   0: [mem 0x0000000000001000-0x000000000009efff]
[    0.000000]   node   0: [mem 0x0000000000100000-0x000000003ffeffff]
[    0.000000] Initmem setup node 0 [mem 0x0000000000001000-0x000000003ffeffff]
[    0.000000] Using APIC driver default
[    0.000000] ACPI: PM-Timer IO Port: 0x4008
[    0.000000] IOAPIC[0]: apic_id 2, version 32, address 0xfec00000, GSI 0-23
[    0.000000] ACPI: INT_SRC_OVR (bus 0 bus_irq 0 global_irq 2 dfl dfl)
[    0.000000] ACPI: INT_SRC_OVR (bus 0 bus_irq 9 global_irq 9 high level)
[    0.000000] Using ACPI (MADT) for SMP configuration information
[    0.000000] smpboot: Allowing 2 CPUs, 0 hotplug CPUs
[    0.000000] PM: Registered nosave memory: [mem 0x00000000-0x00000fff]
[    0.000000] PM: Registered nosave memory: [mem 0x0009f000-0x0009ffff]
[    0.000000] PM: Registered nosave memory: [mem 0x000a0000-0x000effff]
[    0.000000] PM: Registered nosave memory: [mem 0x000f0000-0x000fffff]
[    0.000000] e820: [mem 0x40000000-0xfebfffff] available for PCI devices
[    0.000000] Booting paravirtualized kernel on KVM
[    0.000000] clocksource: refined-jiffies: mask: 0xffffffff max_cycles: 0xffffffff, max_idle_ns: 7645519600211568 ns
[    0.000000] setup_percpu: NR_CPUS:8 nr_cpumask_bits:8 nr_cpu_ids:2 nr_node_ids:1
[    0.000000] PERCPU: Embedded 19 pages/cpu @f76b0000 s47308 r0 d30516 u77824
[    0.000000] PV qspinlock hash table entries: 512 (order: 0, 4096 bytes)
[    0.000000] Built 1 zonelists in Zone order, mobility grouping on.  Total pages: 259800
[    0.000000] Kernel command line: BOOT_IMAGE=/boot/vmlinuz-4.4.0-103-generic root=LABEL=cloudimg-rootfs ro console=tty1 console=ttyS0
[    0.000000] PID hash table entries: 4096 (order: 2, 16384 bytes)
[    0.000000] Dentry cache hash table entries: 131072 (order: 7, 524288 bytes)
[    0.000000] Inode-cache hash table entries: 65536 (order: 6, 262144 bytes)
[    0.000000] Initializing CPU#0
[    0.000000] Initializing HighMem for node 0 (00037bfe:0003fff0)
[    0.000000] Initializing Movable for node 0 (00000000:00000000)
[    0.000000] Memory: 1012184K/1048120K available (7970K kernel code, 767K rwdata, 3168K rodata, 940K init, 800K bss, 35936K reserved, 0K cma-reserved, 135112K highmem)
[    0.000000] virtual kernel memory layout:
[    0.000000]     fixmap  : 0xfff15000 - 0xfffff000   ( 936 kB)
[    0.000000]     pkmap   : 0xffc00000 - 0xffe00000   (2048 kB)
[    0.000000]     vmalloc : 0xf83fe000 - 0xffbfe000   ( 120 MB)
[    0.000000]     lowmem  : 0xc0000000 - 0xf7bfe000   ( 891 MB)
[    0.000000]       .init : 0xc1ba3000 - 0xc1c8e000   ( 940 kB)
[    0.000000]       .data : 0xc17c8bed - 0xc1ba1fc0   (3940 kB)
[    0.000000]       .text : 0xc1000000 - 0xc17c8bed   (7970 kB)
[    0.000000] Checking if this processor honours the WP bit even in supervisor mode...Ok.
[    0.000000] SLUB: HWalign=64, Order=0-3, MinObjects=0, CPUs=2, Nodes=1
[    0.000000] Hierarchical RCU implementation.
[    0.000000] 	Build-time adjustment of leaf fanout to 32.
[    0.000000] 	RCU restricting CPUs from NR_CPUS=8 to nr_cpu_ids=2.
[    0.000000] RCU: Adjusting geometry for rcu_fanout_leaf=32, nr_cpu_ids=2
[    0.000000] NR_IRQS:2304 nr_irqs:440 16
[    0.000000] Console: colour VGA+ 80x25
[    0.000000] console [tty1] enabled
[    0.000000] console [ttyS0] enabled
[    0.000000] allocated 1048576 bytes of page_ext
[    0.000000] tsc: Detected 2903.998 MHz processor
[    5.919372] Calibrating delay loop (skipped) preset value.. 5807.99 BogoMIPS (lpj=11615992)
[    6.035303] pid_max: default: 32768 minimum: 301
[    6.083367] ACPI: Core revision 20150930
[    6.127587] ACPI: 2 ACPI AML tables successfully acquired and loaded
[    6.178631] Security Framework initialized
[    6.179229] Yama: becoming mindful.
[    6.179776] AppArmor: AppArmor initialized
[    6.180393] Mount-cache hash table entries: 2048 (order: 1, 8192 bytes)
[    6.181256] Mountpoint-cache hash table entries: 2048 (order: 1, 8192 bytes)
[    6.182250] Initializing cgroup subsys io
[    6.192146] Initializing cgroup subsys memory
[    6.250596] Initializing cgroup subsys devices
[    6.282117] Initializing cgroup subsys freezer
[    6.354649] Initializing cgroup subsys net_cls
[    6.378541] Initializing cgroup subsys perf_event
[    6.379340] Initializing cgroup subsys net_prio
[    6.382900] Initializing cgroup subsys hugetlb
[    6.383783] Initializing cgroup subsys pids
[    6.384581] CPU: Physical Processor ID: 0
[    6.385390] CPU: Processor Core ID: 0
[    6.389935] mce: CPU supports 0 MCE banks
[    6.443352] Last level iTLB entries: 4KB 64, 2MB 8, 4MB 8
[    6.446389] Last level dTLB entries: 4KB 64, 2MB 0, 4MB 0, 1GB 4
[    6.449859] Freeing SMP alternatives memory: 28K
[    6.477575] ftrace: allocating 31441 entries in 62 pages
[    6.551837] smpboot: APIC(0) Converting physical 0 to logical package 0
[    6.565716] smpboot: Max logical packages: 1
[    6.582959] Enabling APIC mode:  Flat.  Using 1 I/O APICs
[    6.596487] ..TIMER: vector=0x30 apic1=0 pin1=2 apic2=-1 pin2=-1
[    6.786188] smpboot: CPU0: Intel(R) Core(TM) i7-7500U CPU @ 2.70GHz (family: 0x6, model: 0x8e, stepping: 0x9)
[    6.954736] Performance Events: unsupported p6 CPU model 142 no PMU driver, software events only.
[    6.987762] KVM setup paravirtual spinlock
[    6.988943] x86: Booting SMP configuration:
[    6.989540] .... node  #0, CPUs:      #1
[1266874885.719796] Initializing CPU#1
[    6.990553] kvm-clock: cpu 1, msr 0:37bfd041, secondary cpu clock
[    6.993363] mce: CPU supports 0 MCE banks
[    6.998440] x86: Booted up 1 node, 2 CPUs
[    7.015595] smpboot: Total of 2 processors activated (11615.99 BogoMIPS)
[    7.045083] devtmpfs: initialized
[    7.045791] evm: security.selinux
[    7.054414] evm: security.SMACK64
[    7.080290] evm: security.SMACK64EXEC
[    7.115528] evm: security.SMACK64TRANSMUTE
[    7.156253] evm: security.SMACK64MMAP
[    7.186102] evm: security.ima
[    7.222146] evm: security.capability
[    7.225340] clocksource: jiffies: mask: 0xffffffff max_cycles: 0xffffffff, max_idle_ns: 7645041785100000 ns
[    7.255493] futex hash table entries: 512 (order: 3, 32768 bytes)
[    7.256428] pinctrl core: initialized pinctrl subsystem
[    7.258656] RTC time: 12:57:45, date: 12/11/17
[    7.259418] NET: Registered protocol family 16
[    7.260153] EISA bus registered
[    7.270831] cpuidle: using governor ladder
[    7.290649] cpuidle: using governor menu
[    7.353020] PCCT header not found.
[    7.374298] ACPI: bus type PCI registered
[    7.379346] acpiphp: ACPI Hot Plug PCI Controller Driver version: 0.5
[    7.380316] PCI : PCI BIOS area is rw and x. Use pci=nobios if you want it NX.
[    7.399007] PCI: PCI BIOS revision 2.10 entry at 0xfda26, last bus=0
[    7.441372] PCI: Using configuration type 1 for base access
[    7.523671] ACPI: Added _OSI(Module Device)
[    7.539073] ACPI: Added _OSI(Processor Device)
[    7.539704] ACPI: Added _OSI(3.0 _SCP Extensions)
[    7.540340] ACPI: Added _OSI(Processor Aggregator Device)
[    7.543262] ACPI: Executed 1 blocks of module-level executable AML code
[    7.616373] ACPI: Interpreter enabled
[    7.647702] ACPI: (supports S0 S5)
[    7.648226] ACPI: Using IOAPIC for interrupt routing
[    7.649019] PCI: Using host bridge windows from ACPI; if necessary, use "pci=nocrs" and report a bug
[    7.748846] ACPI: PCI Root Bridge [PCI0] (domain 0000 [bus 00-ff])
[    7.769829] acpi PNP0A03:00: _OSC: OS supports [ASPM ClockPM Segments MSI]
[    7.847449] acpi PNP0A03:00: _OSC failed (AE_NOT_FOUND); disabling ASPM
[    7.885407] acpi PNP0A03:00: fail to add MMCONFIG information, can't access extended PCI configuration space under this bridge.
[    7.932895] PCI host bridge to bus 0000:00
[    7.935627] pci_bus 0000:00: root bus resource [io  0x0000-0x0cf7 window]
[    7.942472] pci_bus 0000:00: root bus resource [io  0x0d00-0xffff window]
[    7.943711] pci_bus 0000:00: root bus resource [mem 0x000a0000-0x000bffff window]
[    7.944980] pci_bus 0000:00: root bus resource [mem 0x40000000-0xffdfffff window]
[    7.976215] pci_bus 0000:00: root bus resource [bus 00-ff]
[    8.012596] pci 0000:00:01.1: legacy IDE quirk: reg 0x10: [io  0x01f0-0x01f7]
[    8.148975] pci 0000:00:01.1: legacy IDE quirk: reg 0x14: [io  0x03f6]
[    8.224912] pci 0000:00:01.1: legacy IDE quirk: reg 0x18: [io  0x0170-0x0177]
[    8.378799] pci 0000:00:01.1: legacy IDE quirk: reg 0x1c: [io  0x0376]
[    8.477376] pci 0000:00:07.0: quirk: [io  0x4000-0x403f] claimed by PIIX4 ACPI
[    8.611623] pci 0000:00:07.0: quirk: [io  0x4100-0x410f] claimed by PIIX4 SMB
[    8.730702] ACPI: PCI Interrupt Link [LNKA] (IRQs 5 9 10 *11)
[    8.839117] ACPI: PCI Interrupt Link [LNKB] (I 5 9 10 *11)
[    9.048729] ACPI: PCI Interrupt Link [LNKC] (IRQs 5 9 *10 11)
[    9.154238] ACPI: PCI Interrupt Link [LNKD] (IRQs 5 *9 10 11)
[    9.256351] ACPI: Enabled 2 GPEs in block 00 to 07
[    9.335901] vgaarb: setting as boot device: PCI:0000:00:02.0
[    9.401937] vgaarb: device added: PCI:0000:00:02.0,decodes=io+mem,owns=io+mem,locks=none
[    9.550404] vgaarb: loaded
[    9.580469] vgaarb: bridge control possible 0000:00:02.0
[    9.581410] SCSI subsystem initialized
[    9.586269] ACPI: bus type USB registered
[    9.661636] usbcore: registered new interface driver usbfs
[    9.784277] usbcore: registered new interface driver hub
[    9.862381] usbcore: registered new device driver usb
[    9.986809] PCI: Using ACPI for IRQ routing
[   10.042712] NetLabel: Initializing
[   10.103617] NetLabel:  domain hash size = 128
[   10.107809] NetLabel:  protocols = UNLABELED CIPSOv4
[   10.108496] NetLabel:  unlabeled traffic allowed by default
[   10.109481] amd_nb: Cannot enumerate AMD northbridges
[   10.110188] clocksource: Switched to clocksource kvm-clock
[   10.119261] AppArmor: AppArmor Filesystem Enabled
[   10.256527] pnp: PnP ACPI init
[   10.287332] pnp: PnP ACPI: found 3 devices
[   10.287926] PnPBIOS: Disabled by ACPI PNP
[   10.328266] clocksource: acpi_pm: mask: 0xffffff max_cycles: 0xffffff, max_idle_ns: 2085701024 ns
[   10.412936] NET: Registered protocol family 2
[   10.522583] TCP established hash table entries: 8192 (order: 3, 32768 bytes)
[   10.661933] TCP bind hash table entries: 8192 (order: 4, 65536 bytes)
[   10.767745] TCP: Hash tables configured (established 8192 bind 8192)
[   10.785644] UDP hash table entries: 512 (order: 2, 16384 bytes)
[   10.890513] UDP-Lite hash table entries: 512 (order: 2, 16384 bytes)
[   10.891365] NET: Registered protocol family 1
[   10.892007] pci 0000:00:00.0: Limiting direct PCI/PCI transfers
[   11.005058] pci 0000:00:01.0: Activating ISA DMA hang workarounds
[   11.179860] Unpacking initramfs...
[   12.926471] Freeing initrd memory: 10744K
[   12.962812] platform rtc_cmos: registered platform RTC device (no PNP device found)
[   12.963927] Scanning for low memory corruption every 60 seconds
[   12.965110] audit: initializing netlink subsys (disabled)
[   12.971220] audit: type=2000 audit(1512997066.771:1): initialized
[   13.007163] Initialise system trusted keyring
[   13.017741] HugeTLB , pre-allocated 0 pages
[   13.625685] zbud: loaded
[   13.660379] VFS: Disk quotas dquot_6.6.0
[   13.751245] VFS: Dquot-cache hash table entries: 1024 (order 0, 4096 bytes)
[   13.792092] squashfs: version 4.0 (2009/01/31) Phillip Lougher
[   13.817937] fuse init (API version 7.23)
[   13.890493] Key type big_key registered
[   13.967623] tsc: Refined TSC clocksource calibration: 2904.361 MHz
[   14.062557] clocksource: tsc: mask: 0xffffffffffffffff max_cycles: 0x29dd5ae25c5, max_idle_ns: 440795294816 ns
[   14.062614] Allocating IMA MOK and blacklist keyrings.
[   14.136869] Key type asymmetric registered
[   14.136877] Asymmetric key parser 'x509' registered
[   14.136894] bounce: pool size: 64 pages
[   14.136932] Block layer SCSI generic (bsg) driver version 0.4 loaded (major 249)
[   14.136976] io scheduler noop registered
[   14.136978] io scheduler deadline registered (default)
[   14.137005] io scheduler cfq registered
[   14.137079] pci_hotplug: PCI Hot Plug PCI Core version: 0.5
[   14.137083] pciehp: PCI Express Hot Plug Controller Driver version: 0.4
[   14.137187] ACPI: AC Adapter [AC] (on-line)
[   14.137226] input: Power Button as /devices/LNXSYSTM:00/LNXPWRBN:00/input/input0
[   14.137228] ACPI: Power Button [PWRF]
[   14.137277] input: Sleep Button as /devices/LNXSYSTM:00/LNXSLPBN:00/input/input1
[   14.137278] ACPI: Sleep Button [SLPF]
[   14.137377] GHES: HEST is not enabled!
[   14.189765] ACPI: Battery Slot [BAT0] (battery present)
[   14.189795] isapnp: Scanning for PnP cards...
[   14.195321] Serial: 8250/16550 driver, 32 ports, IRQ sharing enabled
[   14.216891] 00:02: ttyS0 at I/O 0x3f8 (irq = 4, base_baud = 115200) is a 16550A
[   14.287388] Linux agpgart interface v0.103
[   14.307605] loop: module loaded
[   14.315496] scsi host0: ata_piix
[   14.324655] scsi host1: ata_piix
[   14.325283] ata1: PATA max UDMA/33 cmd 0x1f0 ctl 0x3f6 bmdma 0xd000 irq 14
[   14.326569] ata2: PATA max UDMA/33 cmd 0x170 ctl 0x376 bmdma 0xd008 irq 15
[   14.328613] libphy: Fixed MDIO Bus: probed
[   14.337915] tun: Universal TUN/TAP device driver, 1.6
[   14.342296] tun: (C) 1999-2004 Max Krasnyansky <maxk@qualcomm.com>
[   14.357731] PPP generic driver version 2.4.2
[   14.361213] ehci_hcd: USB 2.0 'Enhanced' Host Controller (EHCI) Driver
[   14.362173] ehci-pci: EHCI PCI platform driver
[   14.362914] ehci-platform: EHCI generic platform driver
[   14.363711] ohci_hcd: USB 1.1 'Open' Host Controller (OHCI) Driver
[   14.366086] ohci-pci: OHCI PCI platform driver
[   14.369887] ohci-platform: OHCI generic platform driver
[   14.370769] uhci_hcd: USB Universal Host Controller Interface driver
[   14.371800] i8042: PNP: PS/2 Controller [PNP0303:PS2K,PNP0f03:PS2M] at 0x60,0x64 irq 1,12
[   14.382975] serio: i8042 KBD port at 0x60,0x64 irq 1
[   14.390222] serio: i8042 AUX port at 0x60,0x64 irq 12
[   14.391111] mousedev: PS/2 mouse device common for all mice
[   14.394517] input: AT Translated Set 2 keyboard as /devices/platform/i8042/serio0/input/input2
[   14.405223] rtc_cmos rtc_cmos: rtc core: registered rtc_cmos as rtc0
[   14.406553] rtc_cmos rtc_cmos: alarms up to one day, 114 bytes nvram
[   14.414174] i2c /dev entries driver
[   14.431431] device-mapper: uevent: version 1.0.3
[   14.440285] device-mapper: ioctl: 4.34.0-ioctl (2015-10-28) initialised: dm-devel@redhat.com
[   14.441618] platform eisa.0: Probing EISA bus 0
[   14.442326] platform eisa.0: EISA: Cannot allocate resource for mainboard
[   14.443325] platform eisa.0: Cannot allocate resource for EISA slot 1
[   14.444280] platform eisa.0: Cannot allocate resource for EISA slot 2
[   14.445185] platform eisa.0: Cannot allocate resource for EISA slot 3
[   14.446089] platform eisa.0: Cannot allocate resource for EISA slot 4
[   14.448225] platform eisa.0: Cannot allocate resource for EISA slot 5
[   14.449190] platform eisa.0: Cannot allocate resource for EISA slot 6
[   14.450155] platform eisa.0: Cannot allocate resource for EISA slot 7
[   14.457544] platform eisa.0: Cannot allocate resource for EISA slot 8
[   14.458519] platform eisa.0: EISA: Detected 0 cards
[   14.460806] cpufreq-nforce2: No nForce2 chipset.
[   14.461561] ledtrig-cpu: registered to indicate activity on CPUs
[   14.469673] NET: Registered protocol family 10
[   14.472118] NET: Registered protocol family 17
[   14.472870] Key type dns_resolver registered
[   14.473742] microcode: CPU0 sig=0x806e9, pf=0x8, revision=0x0
[   14.480891] microcode: CPU1 sig=0x806e9, pf=0x8, revision=0x0
[   14.481809] microcode: Microcode Update Driver: v2.01 <tigran@aivazian.fsnet.co.uk>, Peter Oruba
[   14.483391] Using IPI No-Shortcut mode
[   14.485389] registered taskstats version 1
[   14.486105] Loading compiled-in X.509 certificates
[   14.488529] Loaded X.509 cert 'Build time autogenerated kernel key: a2301d8d7154a4d77ae9576c572c2634198c9114'
[   14.493665] zswap: loaded using pool lzo/zbud
[   14.499571] Key type trusted registered
[   14.504695] Key type encrypted registered
[   14.505299] AppArmor: AppArmor sha1 policy hashing enabled
[   14.506040] ima: No TPM chip found, activating TPM-bypass!
[   14.506819] evm: HMAC attrs: 0x1
[   14.507511]   Magic number: 13:577:986
[   14.509313] rtc_cmos rtc_cmos: setting system clock to 2017-12-11 12:57:52 UTC (1512997072)
[   14.510618] BIOS EDD facility v0.16 2004-Jun-25, 0 devices found
[   14.511407] EDD information not available.
[   14.614026] isapnp: No Plug & Play device found
[   14.678206] Freeing unused kernel memory: 940K
[   14.762638] Write protecting the kernel text: 7972k
[   14.815004] Write protecting the kernel read-only data: 3172k
[   14.852384] NX-protecting the kernel data: 6364k
Loading, please [   14.937514] random: systemd-udevd: uninitialized urandom read (16 bytes read, 0 bits of entropy available)
wait...
startin[   14.937929] random: udevadm: uninitialized urandom read (16 bytes read, 0 bits of entropy available)
g version 229
[   14.944964] random: udevadm: uninitialized urandom read (16 bytes read, 0 bits of entropy available)
[   14.944995] random: udevadm: uninitialized urandom read (16 bytes read, 0 bits of entropy available)
[   14.945091] random: udevadm: uninitialized urandom read (16 bytes read, 0 bits of entropy available)
[   14.945129] random: udevadm: uninitialized urandom read (16 bytes read, 0 bits of entropy available)
[   14.945164] random: udevadm: uninitialized urandom read (16 bytes read, 0 bits of entropy available)
[   14.945202] random: udevadm: uninitialized urandom read (16 bytes read, 0 bits of entropy available)
[   14.945238] random: udevadm: uninitialized urandom read (16 bytes read, 0 bits of entropy available)
[   14.945272] random: udevadm: uninitialized urandom read (16 bytes read, 0 bits of entropy available)
[   15.676309] e1000: Intel(R) PRO/1000 Network Driver - version 7.3.21-k8-NAPI
[   15.744595] e1000: Copyright (c) 1999-2006 Intel Corporation.
[   15.771023] Fusion MPT base driver 3.04.20
[   15.779154] Copyright (c) 1999-2008 LSI Corporation
[   15.793062] Fusion MPT SPI Host driver 3.04.20
[   15.987091] input: ImExPS/2 Generic Explorer Mouse as /devices/platform/i8042/serio1/input/input4
[   16.130387] e1000 0000:00:03.0 eth0: (PCI:33MHz:32-bit) 02:95:24:44:68:23
[   16.161385] e1000 0000:00:03.0 eth0: Intel(R) PRO/1000 Network Connection
[   16.173946] mptbase: ioc0: Initiating bringup
[   16.186120] e1000 0000:00:03.0 enp0s3: renamed from eth0
[   16.247064] ioc0: LSI53C1030 A0: Capabilities={Initiator}
[   16.410897] scsi host2: ioc0: LSI53C1030 A0, FwRev=00000000h, Ports=1, MaxQ=256, IRQ=20
[   16.623354] scsi 2:0:0:0: Direct-Access     VBOX     HARDDISK         1.0  PQ: 0 ANSI: 5
[   16.756467] scsi target2:0:0: Beginning Domain Validation
[   16.840485] scsi target2:0:0: Domain Validation skipping write tests
[   16.887340] scsi target2:0:0: Ending Domain Validation
[   16.958676] scsi target2:0:0: asynchronous
[   17.031349] scsi 2:0:1:0: Direct-Access     VBOX     HARDDISK         1.0  PQ: 0 ANSI: 5
[   17.109398] scsi target2:0:1: Beginning Domain Validation
[   17.186245] scsi target2:0:1: Domain Validation skipping write tests
[   17.191523] scsi target2:0:1: Ending Domain Validation
[   17.195234] scsi target2:0:1: asynchronous
[   17.208021] sd 2:0:0:0: [sda] 20971520 512-byte logical blocks: (10.7 GB/10.0 GiB)
[   17.310637] sd 2:0:0:0: Attached scsi generic sg0 type 0
[   17.381803] sd 2:0:0:0: [sda] Write Protect is off
[   17.435956] sd 2:0:1:0: [sdb] 20480 512-byte logical blocks: (10.5 MB/10.0 MiB)
[   17.436081] sd 2:0:1:0: Attached scsi generic sg1 type 0
[   17.446875] sd 2:0:0:0: [sda] Incomplete mode parameter data
[   17.446876] sd 2:0:0:0: [sda] Assuming drive cache: write through
[   17.660552]  sda: sda1
[   17.661070] sd 2:0:0:0: [sda] Attached SCSI disk
[   18.054871] sd 2:0:1:0: [sdb] Write Protect is off
[   18.099209] sd 2:0:1:0: [sdb] Incomplete mode parameter data
[   18.107111] sd 2:0:1:0: [sdb] Assuming drive cache: write through
[   18.499810] sd 2:0:1:0: [sdb] Attached SCSI disk
[   18.758863] floppy0: no floppy controllers found
Begin: Loading e[   20.111160] md: linear personality registered for level -1
ssential drivers[   20.129874] md: multipath personality registered for level -4
 ... [   20.213672] md: raid0 personality registered for level 0
[   20.264343] md: raid1 personality registered for level 1
[   20.438627] raid6: mmxx1    gen()  6682 MB/s
[   20.538520] raid6: mmxx2    gen()  7030 MB/s
[   20.706204] raid6: sse1x1   gen()  5886 MB/s
[   20.862602] raid6: sse1x2   gen()  6880 MB/s
[   21.046281] raid6: sse2x1   gen() 12477 MB/s
[   21.214763] raid6: sse2x1   xor()  9048 MB/s
[   21.366417] raid6: sse2x2   gen() 14761 MB/s
[   21.526387] raid6: sse2x2   xor() 10027 MB/s
[   21.556190] raid6: using algorithm sse2x2 gen() 14761 MB/s
[   21.650304] raid6: .... xor() 10027 MB/s, rmw enabled
[   21.685152] raid6: using ssse3x1 recovery algorithm
[   21.719144] xor: automatically using best checksumming function:
[   21.830727]    avx       : 24424.000 MB/sec
[   21.857103] async_tx: api initialized (async)
[   21.987780] md: raid6 personality registered for level 6
[   22.143941] md: raid5 personality registered for level 5
[   22.289509] md: raid4 personality registered for level 4
[   22.410812] md: raid10 personality registered for level 10
done.
Begin: Running /scripts/i[   22.507500] Btrfs loaded
nit-premount ... done.
Begin: Mounting root file system ... Begin: Running /scripts/local-top ... done.
Begin: Running /scripts/local-premount ... Scanning for Btrfs filesystems
done.
Warning: fsck not present, so skipping root file[   22.860659] EXT4-fs (sda1): mounted filesystem with ordered data mode. Opts: (null)
 system
done.
Begin: Running /scripts/local-bottom ... done.
Begin: Running /scripts/init-bottom ... done.
[   23.619963] random: nonblocking pool is initialized
[   23.933025] systemd[1]: systemd 229 running in system mode. (+PAM +AUDIT +SELINUX +IMA +APPARMOR +SMACK +SYSVINIT +UTMP +LIBCRYPTSETUP +GCRYPT +GNUTLS +ACL +XZ -LZ4 +SECCOMP +BLKID +ELFUTILS +KMOD -IDN)
[   24.148699] systemd[1]: Detected virtualization oracle.
[   24.213622] systemd[1]: Detected architecture x86.

Welcome to [1mUbuntu 16.04.3 LTS[0m!

[   24.368492] systemd[1]: Set hostname to <ubuntu>.
[   24.456555] systemd[1]: Initializing machine ID from random generator.
[   24.484446] systemd[1]: Installed transient /etc/machine-id file.
[   25.205157] systemd[1]: Started Forward Password Requests to Wall Directory Watch.
[[0;32m  OK  [0m] Started Forward Password Requests to Wall Directory Watch.
[   25.403513] systemd[1]: Listening on Syslog Socket.
[[0;32m  OK  [0m] Listening on Syslog Socket.
[   25.483017] systemd[1]: Created slice User and Session Slice.
[[0;32m  OK  [0m] Created slice User and Session Slice.
[   25.574770] systemd[1]: Listening on Journal Audit Socket.
[[0;32m  OK  [0m] Listening on Journal Audit Socket.
[   25.699771] systemd[1]: Set up automount Arbitrary Executable File Formats File System Automount Point.
[[0;32m  OK  [0m] Set up automount Arbitrary Executab...ats File System Automount Point.
[   25.963049] systemd[1]: Reached target User and Group Name Lookups.
[[0;32m  OK  [0m] Reached target User and Group Name Lookups.
[   26.003160] systemd[1]: Listening on LVM2 poll daemon socket.
[[0;32m  OK  [0m] Listening on LVM2 poll daemon socket.
[   26.047006] systemd[1]: Listening on /dev/initctl Compatibility Named Pipe.
[[0;32m  OK  [0m] Listening on /dev/initctl Compatibility Named Pipe.
[   26.098661] systemd[1]: Reached target Swap.
[[0;32m  OK  [0m] Reached target Swap.
[   26.226896] systemd[1]: Started Trigger resolvconf update for networkd DNS.
[[0;32m  OK  [0m] Started Trigger resolvconf update for networkd DNS.
[   26.422773] systemd[1]: Listening on Device-mapper event daemon FIFOs.
[[0;32m  OK  [0m] Listening on Device-mapper event daemon FIFOs.
[   26.518856] systemd[1]: Listening on udev Kernel Socket.
[[0;32m  OK  [0m] Listening on udev Kernel Socket.
[   26.639045] systemd[1]: Listening on Journal Socket.
[[0;32m  OK  [0m] Listening on Journal Socket.
[   26.742451] systemd[1]: Listening on LVM2 metadata daemon socket.
[[0;32m  OK  [0m] Listening on LVM2 metadata daemon socket.
[   26.803113] systemd[1]: Reached target Encrypted Volumes.
[[0;32m  OK  [0m] Reached target Encrypted Volumes.
[   26.931528] systemd[1]: Created slice System Slice.
[[0;32m  OK  [0m] Created slice System Slice.
[   27.062621] systemd[1]: Reached target Slices.
[[0;32m  OK  [0m] Reached target Slices.
[   27.138444] systemd[1]: Starting Remount Root and Kernel File Systems...
         Starting Remount Root and Kernel File Systems...[   27.263981] EXT4-fs (sda1): re-mounted. Opts: (null)

[   27.402378] systemd[1]: Mounting POSIX Message Queue File System...
         Mounting POSIX Message Queue File System...
[   27.531136] systemd[1]: Created slice system-serial\x2dgetty.slice.
[[0;32m  OK  [0m] Created slice system-serial\x2dgetty.slice.
[   27.710897] systemd[1]: Mounting Debug File System...
         Mounting Debug File System...
[   27.866510] systemd[1]: Starting Nameserver information manager...
         Starting Nameserver information manager...
[   28.018857] systemd[1]: Starting Create list of required static device nodes for the current kernel...
         Starting Create list of required st... nodes for the current kernel...
[   28.246793] systemd[1]: Mounting Huge Pages File System...
         Mounting Huge Pages File System...
[   28.407336] systemd[1]: Starting Set console keymap...
         Starting Set console keymap...
[   28.526603] systemd[1]: Starting Monitoring of LVM2 mirrors, snapshots etc. using dmeventd or progress polling...
         Starting Monitoring of LVM2 mirrors... dmeventd or progress polling...
[   28.739008] systemd[1]: Starting Uncomplicated firewall...
         Starting Uncomplicated firewall...
[   28.870589] systemd[1]: Listening on Journal Socket (/dev/log).
[[0;32m  OK  [0m] Listening on Journal Socket (/dev/log).
[   29.030509] systemd[1]: Starting Journal Service...
         Starting Journal Service...
[   29.182819] systemd[1]: Starting Load Kernel Modules...
         Startin[   29.214263] Loading iSCSI transport class v2.0-870.
g Load Kernel Modules...
[   29.278607] systemd[1]: Listening on udev Control Socket.
[[0;32m  OK  [0m] Listening on[   29.378691] iscsi: registered transport (tcp)
 udev Control Socket.
[   29.443723] systemd[1]: Mounted Huge Pages File System.
[[0;32m  OK  [0m] Mounted Huge[   29.500718] iscsi: registered transport (iser)
 Pages File System.
[   29.551210] systemd[1]: Mounted POSIX Message Queue File System.
[[0;32m  OK  [0m] Mounted POSIX Message Queue File System.
[   29.706601] systemd[1]: Mounted Debug File System.
[[0;32m  OK  [0m] Mounted Debug File System.
[   29.866390] systemd[1]: Started Journal Service.
[[0;32m  OK  [0m] Started Journal Service.
[[0;32m  OK  [0m] Started Remount Root and Kernel File Systems.
[[0;32m  OK  [0m] Started Create list of required sta...ce nodes for the current kernel.
[[0;32m  OK  [0m] Started Set console keymap.
[[0;32m  OK  [0m] Started Uncomplicated firewall.
[[0;32m  OK  [0m] Started Load Kernel Modules.
[[0;32m  OK  [0m] Started Nameserver information manager.
[[0;32m  OK  [0m] Started LVM2 metadata daemon.
         Mounting FUSE Control File System...
         Starting Apply Kernel Variables...
         Starting Create Static Device Nodes in /dev...
         Starting Load/Save Random Seed...
         Starting Initial cloud-init job (pre-networking)...
         Starting udev Coldplug all Devices...
         Starting Flush Journal to Persistent Storage...
[[0;32m  OK  [0m] Mounted FUSE Control File System.
[[0;32m  OK  [0m] Started Apply Kernel Variables.
[[0;32m  OK  [0m] Started Create Static Device Nodes in /dev.
[[0;32m  OK  [0m] Started Load/Save Random Seed.
[[0;32m  OK  [0m] Started Monitoring of LVM2 mirrors,...ng dmeventd or progress polling.
[[0;32m  OK  [0m] Started udev Coldplug all Devices.
         Starting udev Kernel Device Manager...
[[0;32m  OK  [0m] Started Flush Journal to Persistent Storage.
[[0;32m  OK  [0m] Started udev Kernel Device Manager.
[[0;32m  OK  [0m] Started Dispatch Password Requests to Console Directory Watch.
[[0;32m  OK  [0m] Reached target Local File Systems (Pre).
[[0;32m  OK  [0m] Reached target Local File Systems.
         Starting Tell Plymouth To Write Out Runtime Data...
         Starting Create Volatile Files and Directories...
         Starting Commit a transient machine-id on disk...
         Starting Set console font and keymap...
         Starting LSB: AppArmor initialization...
[[0;32m  OK  [0m] Started Tell Plymouth To Write Out Runtime Data.
[[0;32m  OK  [0m] Started Commit a transient machine-id on disk.
[[0;32m  OK  [0m] Started Create Volatile Files and Directories.
[[0;32m  OK  [0m] Found device /dev/ttyS0.
[[0;32m  OK  [0m] Listening on Load/Save RF Kill Switch Status /dev/rfkill Watch.
         Starting Update UTMP about System Boot/Shutdown...
[[0;32m  OK  [0m] Reached target System Time Synchronized.
[[0;32m  OK  [0m] Started Update UTMP about System Boot/Shutdown.
[[0;32m  OK  [0m] Started LSB: AppArmor initialization.
[[0;32m  OK  [0m] Started Set console font and keymap.
[[0;32m  OK  [0m] Created slice system-getty.slice.
[   24.640620] cloud-init[453]: Cloud-init v. 17.1 running 'init-local' at Mon, 11 Dec 2017 12:58:11 +0000. Up 24.20 seconds.
[[0;32m  OK  [0m] Started Initial cloud-init job (pre-networking).
[[0;32m  OK  [0m] Reached target Network (Pre).
         Starting Raise network interfaces...
[[0;32m  OK  [0m] Started Raise network interfaces.
[[0;32m  OK  [0m] Reached target Network.
         Starting Initial cloud-init job (metadata service crawler)...
[   27.495060] cloud-init[932]: Cloud-init v. 17.1 running 'init' at Mon, 11 Dec 2017 12:58:13 +0000. Up 25.60 seconds.
[   27.507440] cloud-init[932]: ci-info: +++++++++++++++++++++++++++++++++++++Net device info++++++++++++++++++++++++++++++++++++++
[[0;32m  OK  [0m] Started Initial cloud-init job (metadata service crawler).
[   27.623191] [cloud-init[0;32m  OK  [0m[932]: ] ci-info: +--------+------+----------------------------+---------------+-------+-------------------+Reached target System Initialization.

[   27.855002] [[0;32m  OK  [0m] Started ACPI Events Check.
cloud-init[932]: ci-info: | Device |  Up  |          Address           |      Mask     | Scope |     Hw-Address    |
[   27.981750] [cloud-init[0;32m  OK  [0m[932]: ] ci-info: +--------+------+----------------------------+---------------+-------+-------------------+Reached target Paths.

[[0;32m  OK  [0m] Listening on D-Bus System Message Bus Socket.
[[0;32m  OK  [0m] Listening on UUID daemon activation socket.
[   27.983477] cloud-init[932]: ci-info: | enp0s3 | True |         10.0.2.15          | 255.255.255.0 |   .   | 02:95:24:44:68:23 |
[   28.196641]          cloud-initStarting LXD - unix socket.[932]: 
ci-info: | enp0s3 | True | fe80::95:24ff:fe44:6823/64 |       .       |  link | 02:95:24:44:68:23 |
[   28.369421]          cloud-initStarting Socket activation for snappy daemon.[932]: 
ci-info: |   lo   | True |         127.0.0.1          |   255.0.0.0   |   .   |         .         |
[   28.541408] [cloud-init[0;32m  OK  [0m[932]: ] ci-info: |   lo   | True |          ::1/128           |       .       |  host |         .         |Started Daily Cleanup of Temporary Directories.

[   28.704892] [cloud-init[0;32m  OK  [0m[932]: ] ci-info: +--------+------+----------------------------+---------------+-------+-------------------+Started Timer to automatically refresh installed snaps.

[   28.707420] [cloud-init[0;32m  OK  [0m[932]: ] ci-info: +++++++++++++++++++++++++++Route IPv4 info++++++++++++++++++++++++++++Listening on ACPID Listen Socket.

[   28.922881] [cloud-init[0;32m  OK  [0m[932]: ] ci-info: +-------+-------------+----------+---------------+-----------+-------+Reached target Network is Online.

[[0;32m  OK  [0m] Started Daily apt download activities.
[[0;32m  OK  [0m] Started Daily apt upgrade and clean activities.
[   29.070741] cloud-init[932]: ci-info: | Route | Destination | Gateway  |    Genmask    | Interface | Flags |
[[0;32m  OK  [0m] Reached target Timers.
[   29.196334] cloud-init[932]: ci-info: +-------+-------------+----------+---------------+-----------+-------+
[   29.244139]          cloud-initStarting iSCSI initiator daemon (iscsid)...[932]: 
ci-info: |   0   |   0.0.0.0   | 10.0.2.2 |    0.0.0.0    |   enp0s3  |   UG  |
[   29.269790] [cloud-init[0;32m  OK  [0m[932]: ] ci-info: |   1   |   10.0.2.0  | 0.0.0.0  | 255.255.255.0 |   enp0s3  |   U   |Reached target Cloud-config availability.

[   29.270128] cloud-init[932]: ci-info: +-------+-------------+----------+---------------+-----------+-------+
[[0;32m  OK  [0m] Listening on LXD - unix socket.
[   29.400149] [cloud-init[0;32m  OK  [0m[932]: ] Generating public/private rsa key pair.Listening on Socket activation for snappy daemon.

[   29.535419] cloud-init[932]: Your identification has been saved in /etc/ssh/ssh_host_rsa_key.
[   29.552275] cloud-init[932]: Your public key has been saved in /etc/ssh/ssh_host_rsa_key.pub.
[   29.685618] cloud-init[932]: The key fingerprint is:
[   29.705025] cloud-init[932]: SHA256:9tel1Aid8SQoYbXXGZowm6h+LuOqDGC7ZmeIe6v7l7E root@ubuntu-xenial
[[0;32m  OK  [0m] Reached target Sockets.
[[0;32m  OK  [0m] Reached target Basic System.
[   29.771153] cloud-init[932]: The key's randomart image is:
[   29.781524] cloud-init[932]: +---[RSA 2048]----+
[   29.792539] cloud-init[932]: |          o=..o..|
[   29.817060] cloud-init[932]: |         .o *ooBo|
[   29.840253] cloud-init[932]: |         . +oo+.o|
[   29.849721] cloud-init[932]: |        .    o o |
[   29.872863] cloud-init[932]: |..     .S     o o|
         Starting Accounts Service...
[   29.912775] cloud-init[932]: |o . . .. .   o o |
[   29.918488] cloud-init[932]: |.o.  + . .. . o  |
[   29.926439] cloud-init[932]: |.+=oE  oo  .     |
[   29.930637] cloud-init[932]: |*B==..o.o.       |
[   29.930907] cloud-init[932]: +----[SHA256]-----+
[   29.931391] cloud-init[932]: Generating public/private dsa key pair.
[   29.931590] cloud-init[932]: Your identification has been saved in /etc/ssh/ssh_host_dsa_key.
[   29.931797] cloud-init[932]: Your public key has been saved in /etc/ssh/ssh_host_dsa_key.pub.
[   29.932063] cloud-init[932]: The key fingerprint is:
[   29.932244] cloud-init[932]: SHA256:p5faKLZwfMaEutK/oB8M/6IoOXeRlE5bo0gn5ium8f8 root@ubuntu-xenial
[   29.932459] cloud-init[932]: The key's randomart image is:
[   29.932662] cloud-init[932]: +---[DSA 1024]----+
[   29.932863] cloud-init[932]: |                 |
[   29.933201] cloud-init[932]: |                 |
[   29.933418] cloud-init[932]: |     .           |
[   29.933658] cloud-init[932]: |  + = o.         |
[   29.933873] cloud-init[932]: | +.B =..S .      |
[   29.934437] cloud-init[932]: |  o+*o o o .     |
[   29.935174] cloud-init[932]: |.. oB.o = o      |
[   29.935370] cloud-init[932]: |==+.+Boo =       |
         Starting LSB: MD monitoring daemon...
[   29.935412] cloud-init[932]: |*++*+=E+o .      |
[[0;32m  OK  [0m] Started D-Bus System Message Bus.
[   30.072617] cloud-init[932]: +----[SHA256]-----+
[   30.097343] cloud-init[932]: Generating public/private ecdsa key pair.
[   30.107873] cloud-init[932]: Your identification has been saved in /etc/ssh/ssh_host_ecdsa_key.
[   30.112092] cloud-init[932]: Your public key has been saved in /etc/ssh/ssh_host_ecdsa_key.pub.
[   30.119855] cloud-init[932]: The key fingerprint is:
[   30.128748] cloud-init[932]: SHA256:56Ezx4eKWANnOgWfiZsFDtB/7y2TMfxw0lbNCTfApwU root@ubuntu-xenial
[   30.148531] cloud-init[932]: The key's randomart image is:
[   30.164355] cloud-init[932]: +---[ECDSA 256]---+
         Starting LXD - container startup/shutdown...
[   30.190514] cloud-init[932]: |..         .Eo   |
[   30.224564] cloud-init[932]: | ..         o =  |
[[0;32m  OK  [0m] Started FUSE filesystem for LXC.
[   30.244082] cloud-init[932]: |  ..o        O o |
[   30.268353] cloud-init[932]: |   o.=.o    o +  |
[   30.268700] cloud-init[932]: |    +.OoS.o.     |
         Starting System Logging Service...
[   30.268814] cloud-init[932]: |     X  B=+o     |
[   30.292300] cloud-init[932]: |    = o.+@= .    |
[   30.304405] cloud-init[932]: |     + o==o.     |
[[0;32m  OK  [0m] Started Deferred execution scheduler.
[   30.330745] cloud-init[932]: |    . . .o       |
[   30.347386] cloud-init[932]: +----[SHA256]-----+
[   30.350526] cloud-init[932]: Generating public/private ed25519 key pair.
[   30.351796] cloud-init[932]: Your identification has been saved in /etc/ssh/ssh_host_ed25519_key.
[   30.354345] cloud-init[932]: Your public key has been saved in /etc/ssh/ssh_host_ed25519_key.pub.
[[0;32m  OK  [0m] Started Regular background program processing daemon.
[   30.383526] cloud-init[932]: The key fingerprint is:
[   30.492305] cloud-init[932]: SHA256:wGSWxqgkPpJcYyG/L2fWtBfEldPM3XRDHBsjLEFsxY0 root@ubuntu-xenial
[   30.492640] cloud-init[932]: The key's randomart image is:
         Starting Pollinate to seed the pseudo random number generator...
[   30.492806] cloud-init[932]: +--[ED25519 256]--+
[   30.736363] cloud-init[932]: | . ..o+.  o+Xo*B=|
[   30.736568] cloud-init[932]: |. ++.=+ . .* E.+B|
         Starting Apply the settings specified in cloud-config...
[   30.736689] cloud-init[932]: |o+oo..o  o. o  . |
[   30.920315] cloud-init[932]: |o+. .  ..        |
[   30.920699] cloud-init[932]: |. ..   .S.       |
[[0;32m  OK  [0m] Started ACPI event daemon.
[   30.920865] cloud-init[932]: |    . o . .      |
[   30.969050] cloud-init[932]: |   . = o .       |
[   30.988540] cloud-init[932]: |    =   .        |
         Starting Login Service...
[   30.989055] cloud-init[932]: |                 |
[   31.060479] cloud-init[932]: +----[SHA256]-----+
         Starting Snappy daemon...
         Starting /etc/rc.local Compatibility...
         Starting LSB: Record successful boot for GRUB...
[[0;32m  OK  [0m] Started Unattended Upgrades Shutdown.
[[0;32m  OK  [0m] Started System Logging Service.
[[0;32m  OK  [0m] Started iSCSI initiator daemon (iscsid).
[[0;32m  OK  [0m] Started LXD - container startup/shutdown.
[[0;32m  OK  [0m] Started /etc/rc.local Compatibility.
         Starting Authenticate and Authorize Users to Run Privileged Tasks...
[   31.546704] cloud-init[1068]: Generating locales (this might take a while)...
         Starting Login to default iSCSI targets...
[[0;32m  OK  [0m] Started LSB: MD monitoring daemon.
[[0;32m  OK  [0m] Started LSB: Record successful boot for GRUB.
[[0;32m  OK  [0m] Started Login Service.
[[0;32m  OK  [0m] Started Authenticate and Authorize Users to Run Privileged Tasks.
[[0;32m  OK  [0m] Started Accounts Service.
[[0;32m  OK  [0m] Started Login to default iSCSI targets.
[[0;32m  OK  [0m] Reached target Remote File Systems (Pre).
[[0;32m  OK  [0m] Reached target Remote File Systems.
         Starting LSB: Set the CPU Frequency Scaling governor to "ondemand"...
         Starting Permit User Sessions...
         Starting LSB: daemon to balance interrupts for SMP systems...
         Starting LSB: VirtualBox Linux Additions...
         Starting LSB: automatic crash report generation...
[[0;32m  OK  [0m] Started Snappy daemon.
[[0;32m  OK  [0m] Started Permit User Sessions.
[[0;32m  OK  [0m] Started LSB: Set the CPU Frequency Scaling governor to "ondemand".
         Starting Terminate Plymouth Boot Screen...
         Starting Hold until boot process finishes up...
[[0;32m  OK  [0m] Started LSB: daemon to balance interrupts for SMP systems.
[[0;32m  OK  [0m] Started LSB: automatic crash report generation.
[[0;32m  OK  [0m] Started Terminate Plymouth Boot Screen.
[[0;32m  OK  [0m] Started Hold until boot process finishes up.
[[0;32m  OK  [0m] Started Serial Getty on ttyS0.
         Starting Set console scheme...
[[0;32m  OK  [0m] Started Getty on tty1.
[[0;32m  OK  [0m] Reached target Login Prompts.
[   32.916205] cloud-init[1068]:   en_US.UTF-8... done
[[0;32m  OK  [0m] Started LSB: VirtualBox Linux Additions.
[   32.937549] cloud-init[1068]: Generation complete.
[[0;32m  OK  [0m] Started Set console scheme.
[[0;32m  OK  [0m] Stopped OpenBSD Secure Shell server.
         Starting OpenBSD Secure Shell server...
[[0;32m  OK  [0m] Started OpenBSD Secure Shell server.
[   33.882868] cloud-init[1068]: Cloud-init v. 17.1 running 'modules:config' at Mon, 11 Dec 2017 12:58:18 +0000. Up 30.99 seconds.
[[0;32m  OK  [0m] Started Apply the settings specified in cloud-config.
[[0;32m  OK  [0m] Started Pollinate to seed the pseudo random number generator.
[[0;32m  OK  [0m] Reached target Multi-User System.
[[0;32m  OK  [0m] Reached target Graphical Interface.
         Starting Update UTMP about System Runlevel Changes...
         Starting Execute cloud user/final scripts...
[[0;32m  OK  [0m] Started Update UTMP about System Runlevel Changes.
ci-info: no authorized ssh keys fingerprints found for user ubuntu.
<14>Dec 11 12:58:22 ec2: 
<14>Dec 11 12:58:22 ec2: #############################################################
<14>Dec 11 12:58:22 ec2: -----BEGIN SSH HOST KEY FINGERPRINTS-----
<14>Dec 11 12:58:22 ec2: 1024 SHA256:p5faKLZwfMaEutK/oB8M/6IoOXeRlE5bo0gn5ium8f8 root@ubuntu-xenial (DSA)
<14>Dec 11 12:58:22 ec2: 256 SHA256:56Ezx4eKWANnOgWfiZsFDtB/7y2TMfxw0lbNCTfApwU root@ubuntu-xenial (ECDSA)
<14>Dec 11 12:58:22 ec2: 256 SHA256:wGSWxqgkPpJcYyG/L2fWtBfEldPM3XRDHBsjLEFsxY0 root@ubuntu-xenial (ED25519)
<14>Dec 11 12:58:22 ec2: 2048 SHA256:9tel1Aid8SQoYbXXGZowm6h+LuOqDGC7ZmeIe6v7l7E root@ubuntu-xenial (RSA)
<14>Dec 11 12:58:22 ec2: -----END SSH HOST KEY FINGERPRINTS-----
<14>Dec 11 12:58:22 ec2: #############################################################
-----BEGIN SSH HOST KEY KEYS-----
ecdsa-sha2-nistp256 AAAAE2VjZHNhLXNoYTItbmlzdHAyNTYAAAAIbmlzdHAyNTYAAABBBPFdPmKoRqBjHdcUkIwS8Hi+o9BerEaHoJ0ejtBfgSvkouV5K3FiO95onxksT4Zoq08ev6E1xe6LX4apDh/y2Co= root@ubuntu-xenial
ssh-ed25519 AAAAC3NzaC1lZDI1NTE5AAAAILN9FmKGsoT2fwq3SRLLSoZVwGXxk+e7ugWxR1im7dwl root@ubuntu-xenial
ssh-rsa AAAAB3NzaC1yc2EAAAADAQABAAABAQCn6emYNI4XD4ssb5DYSpJowW+nFaqYZXvYd7R4bNEtD4mG+usQ9a1wN9xug4r1qmxyxq6ZI/1ZHZv6uWA/SsSsjNbrDCvNFzgGFg+W0e37H5cOCRHOeqwbTE9nBe38UUxFheUXyzcXxYO0/FwkH5MXPBY8x9AWM9PXABDqC98zW77jHsB4HAA9l7sVqLoRPaK5CHH2Qidz9P+uLgbtsbAjx151e9ZbL+fY+OWOq0HqWnRrMBuyIhOhxbxI+63+hYMKFN+1I8xh1FCxzzm8U/BkywUNTINSNdjGEjV2gI92RjT5n1khADleNcJE0DLuOTJoh2gqutH+ey7QZ3XpPK2T root@ubuntu-xenial
-----END SSH HOST KEY KEYS-----
[   35.105965] cloud-init[1291]: Cloud-init v. 17.1 running 'modules:final' at Mon, 11 Dec 2017 12:58:22 +0000. Up 34.60 seconds.
[   35.160630] cloud-init[1291]: ci-info: no authorized ssh keys fingerprints found for user ubuntu.
[   35.160843] cloud-init[1291]: Cloud-init v. 17.1 finished at Mon, 11 Dec 2017 12:58:22 +0000. Datasource DataSourceNoCloud [seed=/dev/sdb][dsmode=net].  Up 35.10 seconds
[[0;32m  OK  [0m] Started Execute cloud user/final scripts.
[[0;32m  OK  [0m] Reached target Cloud-init target.

Ubuntu 16.04.3 LTS ubuntu-xenial ttyS0

ubuntu-xenial login:          Stopping User Manager for UID 1000...
[[0;32m  OK  [0m] Stopped target Cloud-init target.
         Stopping Authenticate and Authorize Users to Run Privileged Tasks...
[[0;32m  OK  [0m] Stopped target Graphical Interface.
[[0;32m  OK  [0m] Stopped target Timers.
[[0;32m  OK  [0m] Stopped Ti         Stopping Deferred execution scheduler...
         Stopping OpenBSD Secure Shell server...
[[0;32m  OK  [0m] Stopped Daily apt download activities.
[[0;32m  OK  [0m] Stopped target System Time Synchronized.
[[0;32m  OK  [0m] Closed Load/Save RF Kill Switch Status /dev/rfkill Watch.
         Stopping Unattended Upgrades Shutdown...
         Stopping LSB: automatic crash report generation...
         Stopping Accounts Service...
         Stopping LSB: daemon to balance interrupts for SMP systems...
[[0;32m  OK  [0m] Unmounted /var/lib/lxcfs.
[[0;32m  OK  [0m] Stopped Accounts Service.
[[0;32m  OK  [0m] Stopped System Logging Service.
[[0;32m  OK  [0m] Stopped Deferred execution scheduler.
[[0;32m  OK  [0m] Stopped Regular background program processing daemon.
[[0;32m  OK  [0m] Stopped ACPI event daemon.
[[0;32m  OK  [0m] Stopped Snappy daemon.
[[0;32m  OK  [0m] Stopped Authenticate and Authorize Users to Run Privileged Tasks.
[[0;32m  OK  [0m] Stopped Serial Getty on ttyS0.
[[0;32m  OK  [0m] Stopped Getty on tty1.
[[0;32m  OK  [0m] Stopped OpenBSD Secure Shell server.
[[0;32m  OK  [0m] Stopped User Manager for UID 1000.
[[0;32m  OK  [0m] Stopped Session 16 of user ubuntu.
[[0;32m  OK  [0m] Stopped D-Bus System Message Bus.
[[0;32m  OK  [0m] Stopped Unattended Upgrades Shutdown.
[[0;32m  OK  [0m] Stopped FUSE filesystem for LXC.
[[0;32m  OK  [0m] Stopped LXD - container startup/shutdown.
[[0;32m  OK  [0m] Stopped LSB: Record successful boot for GRUB.
[[0;32m  OK  [0m] Stopped LSB: MD monitoring daemon.
[[0;32m  OK  [0m] Stopped LSB: VirtualBox Linux Additions.
[[0;32m  OK  [0m] Stopped LSB: Set the CPU Frequency Scaling governor to "ondemand".
[[0;32m  OK  [0m] Stopped LSB: automatic crash report generation.
[[0;32m  OK  [0m] Stopped LSB: daemon to balance interrupts for SMP systems.
[[0;32m  OK  [0m] Removed slice User Slice of ubuntu.
         Stopping Login Service...
[[0;32m  OK  [0m] Removed slice system-getty.slice.
         Stopping Permit User Sessions...
[[0;32m  OK  [0m] Removed slice system-serial\x2dgetty.slice.
[[0;32m  OK  [0m] Stopped /etc/rc.local Compatibility.
[[0;32m  OK  [0m] Stopped Login Service.
[[0;32m  OK  [0m] Stopped Permit User Sessions.
[[0;32m  OK  [0m] Stopped target Remote File Systems.
[[0;32m  OK  [0m] Stopped target Remote File Systems (Pre).
         Stopping Login to default iSCSI targets...
[[0;32m  OK  [0m] Stopped target User and Group Name Lookups.
[[0;32m  OK  [0m] Stopped target Basic System.
[[0;32m  OK  [0m] Stopped target Slices.
[[0;32m  OK  [0m] Removed slice User and Session Slice.
[[0;32m  OK  [0m] Stopped target Sockets.
[[0;32m  OK  [0m] Closed ACPID Listen Socket.
[[0;32m  OK  [0m] Closed LXD - unix socket.
[[0;32m  OK  [0m] Closed Socket activation for snappy daemon.
[[0;32m  OK  [0m] Closed Syslog Socket.
[[0;32m  OK  [0m] Closed UUID daemon activation socket.
[[0;32m  OK  [0m] Stopped target Paths.
[[0;32m  OK  [0m] Stopped ACPI Events Check.
[[0;32m  OK  [0m] Stopped Forward Password Requests to Wall Directory Watch.
[[0;32m  OK  [0m] Stopped Dispatch Password Requests to Console Directory Watch.
[[0;32m  OK  [0m] Closed D-Bus System Message Bus Socket.
[[0;32m  OK  [0m] Stopped target System Initialization.
[[0;32m  OK  [0m] Stopped Commit a transient machine-id on disk.
         Stopping Load/Save Random Seed...
[[0;32m  OK  [0m] Stopped target Encrypted Volumes.
[[0;32m  OK  [0m] Stopped Create Volatile Files and Directories.
[[0;32m  OK  [0m] Stopped target Swap.
[[0;32m  OK  [0m] Stopped Load/Save Random Seed.
[[0;32m  OK  [0m] Stopped Login to default iSCSI targets.
         Stopping iSCSI initiator daemon (iscsid)...
[[0;32m  OK  [0m] Stopped iSCSI initiator daemon (iscsid).
[[0;32m  OK  [0m] Stopped target Network is Online.
[[0;32m  OK  [0m] Stopped Initial cloud-init job (metadata service crawler).
[[0;32m  OK  [0m] Stopped target Network.
         Stopping Raise network interfaces...
[[0;32m  OK  [0m] Stopped Raise network interfaces.
[[0;32m  OK  [0m] Stopped target Local File Systems.
         Unmounting /run/user/1000...
         Unmounting /vagrant...
[[0;32m  OK  [0m] Stopped target Network (Pre).
[[0;32m  OK  [0m] Stopped Initial cloud-init job (pre-networking).
[[0;32m  OK  [0m] Stopped Apply Kernel Variables.
[[0;32m  OK  [0m] Stopped Load Kernel Modules.
[[0;32m  OK  [0m] Unmounted /run/user/1000.
[[0;32m  OK  [0m] Unmounted /vagrant.
[[0;32m  OK  [0m] Reached target Unmount All Filesystems.
[[0;32m  OK  [0m] Stopped target Local File Systems (Pre).
[[0;32m  OK  [0m] Stopped Remount Root and Kernel File Systems.
[[0;32m  OK  [0m] Stopped Create Static Device Nodes in /dev.
[[0;32m  OK  [0m] Reached target Shutdown.
[39244.797481] reboot: Power down
